<?xml version="1.0" encoding="UTF-8"?>
<!-- Generated by org.testng.reporters.JUnitReportReporter -->
<testsuite skipped="0" hostname="webster02" name="com.projectsupport.testing.LoginTest" tests="3" failures="0" timestamp="18 Dec 2017 04:36:27 GMT" time="12.501" errors="0">
  <testcase name="validate" time="5.152" classname="com.projectsupport.testing.LoginTest"/>
  <testcase name="validate" time="3.765" classname="com.projectsupport.testing.LoginTest"/>
  <testcase name="validate" time="3.584" classname="com.projectsupport.testing.LoginTest"/>
</testsuite> <!-- com.projectsupport.testing.LoginTest -->
